********************************************************************************
DUPLICATOR-LITE PACKAGE-LOG: March 24, 2020 11:57 pm
NOTICE: Do NOT post to public sites or forums 
********************************************************************************
VERSION:	1.3.28
WORDPRESS:	5.3.2
PHP INFO:	7.4.1 | SAPI: apache2handler
SERVER:		Apache/2.4.41 (Win64) OpenSSL/1.1.1c PHP/7.4.1 
PHP TIME LIMIT: (0) no time limit imposed 
PHP MAX MEMORY: 4294967296 (512M default) 
MEMORY STACK: 2MB

********************************************************************************
DATABASE:
********************************************************************************
BUILD MODE:   MYSQLDUMP
MYSQLTIMEOUT: 5000
MYSQLDUMP:    Is Supported
SQL CREATED: 20200324_oculist_fb4b02f8cc4697083140_20200324235720_database.sql
SQL FILE SIZE: 832.57KB (852554)
SQL FILE TIME: 2020-03-24 23:57:46
SQL RUNTIME: 4.70 sec.

********************************************************************************
ARCHIVE (ZIP):
********************************************************************************
ARCHIVE DIR:  C:/xampp/htdocs/oculist
ARCHIVE FILE: 20200324_oculist_fb4b02f8cc4697083140_20200324235720_archive.zip
FILTERS: *OFF*
DIRS:
	not set
FILES:
	not set
EXTS:  not set
----------------------------------------
COMPRESSING
SIZE:	87.82MB
STATS:	Dirs 375 | Files 3,391
SQL ADDED: 20200324_oculist_fb4b02f8cc4697083140_20200324235720_database.sql
ZipArchive Object
(
    [status] => 0
    [statusSys] => 0
    [numFiles] => 3766
    [filename] => C:\xampp\htdocs\oculist\wp-snapshots\tmp\20200324_oculist_fb4b02f8cc4697083140_20200324235720_archive.zip
    [comment] => 
)

FILE ADDED TO ZIP: 3765
COMPRESSION RESULT: '1'
COMPRESSED SIZE: 41.74MB
ARCHIVE RUNTIME: 74.44 sec.
MEMORY STACK: 4MB
building installer
add_extra_files1
add_extra_files2
add_extra_files3
add_extra_files4
Doing archive file check
add_extra_files5
add_extra_files6
add_extra_files8
Successfully opened zip C:/xampp/htdocs/oculist/wp-snapshots/tmp/20200324_oculist_fb4b02f8cc4697083140_20200324235720_archive.zip
Adding enhanced installer files to archive using ZipArchive
Installer files added to archive
Added to archive
After ziparchive close when adding installer

********************************************************************************
INTEGRITY CHECKS:
********************************************************************************
SQL FILE: 832.57KB
INSTALLER FILE: 60.53KB
ARCHIVE FILE: 43.07MB 
EXPECTED FILE/DIRECTORY COUNT: 3,766
ACTUAL FILE/DIRECTORY COUNT: 3,765
ARCHIVE CONSISTENCY TEST: Pass

********************************************************************************
RECORD ID:[1]
TOTAL PROCESS RUNTIME: 80.89 sec.
PEAK PHP MEMORY USED: 4MB
DONE PROCESSING => 20200324_oculist March 24, 2020 11:59 pm

